
[PILOT] *** Pilot 3.0 for MPI - University of Guelph
[PILOT] *** Available MPI processes: 1; tags for channels: 2147483647
[PILOT] *** Running with error checking at Level 1
[PILOT] *** Command-line options:
[PILOT] ***  
[PILOT] *** Allocated Pilot processes: 1; channels: 0; bundles: 0


$sample3.txt target_45.img (44,55,270)
$sample3.txt target_31.img (424,162,180)
$sample3.txt target_16.img (24,45,90)
$sample3.txt target_5.img (418,443,270)
$sample3.txt target_18.img (2872,924,270)
$sample3.txt target_9.img (1947,255,90)
$sample3.txt target_15.img (354,1979,270)
$sample3.txt target_19.img (415,722,270)
$sample3.txt target_37.img (47,34,270)
$sample5.txt target_43.img (350,268,0)
$sample5.txt target_11.img (60,1043,90)
$sample5.txt target_6.img (2320,1316,90)
$sample5.txt target_41.img (776,44,0)
$sample5.txt target_13.img (376,927,180)
$sample5.txt target_42.img (68,42,90)
$sample5.txt target_7.img (223,324,270)
$sample5.txt target_32.img (32,44,0)
$sample5.txt target_28.img (40,71,180)
$sample1.txt target_29.img (517,219,0)
$sample1.txt target_12.img (174,881,180)
$sample1.txt target_30.img (30,45,90)
$sample1.txt target_3.img (35,58,270)
$sample1.txt target_23.img (597,51,90)
$sample1.txt target_21.img (1504,2048,270)
$sample1.txt target_8.img (122,155,180)
$sample1.txt target_1.img (21,29,0)
$sample1.txt target_36.img (2607,2843,180)
$sample2.txt target_14.img (19,21,0)
$sample2.txt target_40.img (1884,712,0)
$sample2.txt target_2.img (3417,2785,270)
$sample2.txt target_26.img (150,260,0)
$sample2.txt target_24.img (942,2744,90)
$sample2.txt target_10.img (40,26,0)
$sample2.txt target_44.img (18,54,270)
$sample2.txt target_17.img (680,352,90)
$sample2.txt target_22.img (389,234,180)
$sample4.txt target_4.img (4396,500,90)
$sample4.txt target_25.img (32,67,180)
$sample4.txt target_33.img (86,588,90)
$sample4.txt target_35.img (12,75,270)
$sample4.txt target_34.img (2206,1789,180)
$sample4.txt target_38.img (511,56,180)
$sample4.txt target_20.img (29,38,270)
$sample4.txt target_27.img (1300,3311,0)
$sample4.txt target_39.img (47,69,180)
Elapsed time: 131.327894 seconds.
